<?xml version="1.0" encoding="UTF-8"?>
<beans xmlns="http://www.springframework.org/schema/beans"
    xmlns:xsi="http://www.w3.org/2001/XMLSchema-instance" xmlns:context="http://www.springframework.org/schema/context"
    xmlns:tx="http://www.springframework.org/schema/tx"
    xsi:schemaLocation="http://www.springframework.org/schema/beans
                        http://www.springframework.org/schema/beans/spring-beans.xsd
                        http://www.springframework.org/schema/context
                        http://www.springframework.org/schema/context/spring-context.xsd
                        http://www.springframework.org/schema/tx
                        http://www.springframework.org/schema/tx/spring-tx.xsd">

    <context:property-placeholder location="classpath*:META-INF/*.properties" />

    <context:component-scan base-package="de.terrestris.shogun2.dao" />

    <!-- Using c3p0 connection pooling. See http://static.springsource.org/spring/docs/3.2.x/spring-framework-reference/html/jdbc.html#jdbc-datasource -->
    <bean id="dataSource" class="com.mchange.v2.c3p0.ComboPooledDataSource"
        destroy-method="close">
        <property name="driverClass" value="${jdbc.driverClassName}" />
        <property name="jdbcUrl" value="${jdbc.url}" />
        <property name="user" value="${jdbc.username}" />
        <property name="password" value="${jdbc.password}" />

        <!-- Configuration of the c3p0 Connection Pool -->
        <property name="initialPoolSize" value="${c3p0.initialPoolSize}" />
        <property name="minPoolSize" value="${c3p0.minPoolSize}" />
        <property name="maxPoolSize" value="${c3p0.maxPoolSize}" />
        <property name="acquireIncrement" value="${c3p0.acquireIncrement}" />
        <property name="maxIdleTime" value="${c3p0.maxIdleTime}" />
        <property name="acquireRetryAttempts" value="${c3p0.acquireRetryAttempts}" />
        <property name="acquireRetryDelay" value="${c3p0.acquireRetryDelay}" />
        <property name="checkoutTimeout" value="${c3p0.checkoutTimeout}" />
    </bean>

    <bean id="sessionFactory"
        class="org.springframework.orm.hibernate4.LocalSessionFactoryBean">
        <property name="dataSource" ref="dataSource" />
        <property name="packagesToScan" value="de.terrestris.shogun2.model" />
        <property name="hibernateProperties">
            <props>
                <!-- <prop key="hibernate.dialect">org.hibernate.dialect.PostgreSQLDialect</prop> -->
                <prop key="hibernate.dialect">${hibernate.dialect}</prop>
                <prop key="hibernate.show_sql">${hibernate.show_sql}</prop>
                <prop key="hibernate.hbm2ddl.auto">${hibernate.hbm2ddl.auto}</prop>
                <!-- caching -->
                <!-- <prop key="hibernate.cache.use_query_cache">${hibernate.cache.use_query_cache}</prop> 
                    <prop key="hibernate.max_fetch_depth">${hibernate.max_fetch_depth}</prop> 
                    <prop key="hibernate.cache.use_second_level_cache">${hibernate.cache.use_second_level_cache}</prop> 
                    <prop key="hibernate.cache.use_query_cache">${hibernate.cache.use_query_cache}</prop> 
                    <prop key="hibernate.cache.region.factory_class">${hibernate.cache.region.factory_class}</prop> -->
            </props>
        </property>
    </bean>

    <tx:annotation-driven transaction-manager="transactionManager" />

    <bean id="transactionManager"
        class="org.springframework.orm.hibernate4.HibernateTransactionManager">
        <property name="sessionFactory" ref="sessionFactory" />
    </bean>

</beans>
