<?xml version="1.0" encoding="UTF-8"?>
<beans xmlns="http://www.springframework.org/schema/beans"
       xmlns:xsi="http://www.w3.org/2001/XMLSchema-instance" xmlns:context="http://www.springframework.org/schema/context"
       xmlns:tx="http://www.springframework.org/schema/tx"
       xsi:schemaLocation="http://www.springframework.org/schema/beans
                        http://www.springframework.org/schema/beans/spring-beans.xsd
                        http://www.springframework.org/schema/context
                        http://www.springframework.org/schema/context/spring-context.xsd
                        http://www.springframework.org/schema/tx
                        http://www.springframework.org/schema/tx/spring-tx.xsd">

    <!-- HIKARI CP config-->
    <bean id="hikariConfigTest" class="com.zaxxer.hikari.HikariConfig">
        <property name="dataSourceClassName" value="org.postgresql.ds.PGSimpleDataSource"/>
        <!--<property name="dataSourceProperties">-->
            <!--<props>-->
                <!--<prop key="url">${jdbc.url}</prop>-->
                <!--<prop key="user">${jdbc.username}</prop>-->
                <!--<prop key="password">${jdbc.password}</prop>-->
            <!--</props>-->
        <!--</property>-->
    </bean>

    <bean id="testDataSourceTest" class="com.zaxxer.hikari.HikariDataSource" destroy-method="close">
        <constructor-arg ref="hikariConfigTest"/>
    </bean>

    <bean id="sessionFactoryTest"
          class="org.springframework.orm.hibernate5.LocalSessionFactoryBean">
        <property name="dataSource" ref="testDataSourceTest" />
        <property name="packagesToScan" value="de.terrestris.shogun2.model" />
        <property name="hibernateProperties">
            <props>
                <prop key="hibernate.dialect">org.hibernate.dialect.PostgreSQLDialect</prop>
                <prop key="hibernate.hbm2ddl.auto">none</prop>
            </props>
        </property>
    </bean>

    <tx:annotation-driven transaction-manager="transactionManagerTest" />

    <bean id="transactionManagerTest"
          class="org.springframework.orm.hibernate5.HibernateTransactionManager">
        <property name="sessionFactory" ref="sessionFactoryTest" />
    </bean>

</beans>
